Case #1: 9 2
Case #2: 3 2
Case #3: 1 0
Case #4: 8 3
Case #5: 6 2
Case #6: 10 9
Case #7: 8 3
Case #8: 8 2
Case #9: 0 0
Case #10: 0 0
Case #11: 0 0
Case #12: 7 3
Case #13: 5 0
Case #14: 0 0
Case #15: 8 3
Case #16: 10 9
Case #17: 9 2
Case #18: 0 0
Case #19: 0 0
Case #20: 10 9
Case #21: 9 3
Case #22: 0 0
Case #23: 3 0
Case #24: 5 2
Case #25: 0 0
Case #26: 0 0
Case #27: 8 6
Case #28: 0 0
Case #29: 0 0
Case #30: 0 0
Case #31: 0 0
Case #32: 8 2
Case #33: 3 2
Case #34: 6 2
Case #35: 0 0
Case #36: 10 9
Case #37: 2 0
Case #38: 4 2
Case #39: 9 2
Case #40: 0 0
Case #41: 0 0
Case #42: 1 1
Case #43: 2 0
Case #44: 0 0
Case #45: 9 3
Case #46: 7 3
Case #47: 1 0
Case #48: 0 0
Case #49: 0 0
Case #50: 2 2
